<?xml version="1.0" encoding="UTF-8"?>
<!-- Generated by org.testng.reporters.JUnitXMLReporter -->
<testsuite ignored="0" hostname="DESKTOP-9INP9V7" failures="0" tests="5" name="MyTest5" time="73.18" errors="0" timestamp="2024-06-22T14:50:35 GMT-07:00">
  <testcase classname="com.training.Test.SalesForceAutomationTestCasesForLeads" name="TestCase20" time="9.783"/>
  <testcase classname="com.training.Test.SalesForceAutomationTestCasesForLeads" name="TestCase21" time="6.617"/>
  <testcase classname="com.training.Test.SalesForceAutomationTestCasesForLeads" name="TestCase22" time="18.613"/>
  <testcase classname="com.training.Test.SalesForceAutomationTestCasesForLeads" name="TestCase23" time="10.442"/>
  <testcase classname="com.training.Test.SalesForceAutomationTestCasesForLeads" name="TestCase24" time="13.004"/>
</testsuite> <!-- MyTest5 -->
